*** Using Compiler 'V6.19', folder: 'F:\ProgramFile\MDK\Core\ARM\ARMCLANG\Bin'
Rebuild target 'PulseOximter'
compiling spi.c...
compiling gpio.c...
compiling stm32f1xx_hal_msp.c...
compiling adc.c...
compiling stm32f1xx_hal_gpio_ex.c...
assembling startup_stm32f103xb.s...
compiling stm32f1xx_it.c...
../Core/Src/main.c(92): warning: implicit conversion from 'int' to 'uint8_t' (aka 'unsigned char') changes value from 300 to 44 [-Wconstant-conversion]
uint8_t pulse_current_enhance = 300;
        ~~~~~~~~~~~~~~~~~~~~~   ^~~
1 warning generated.
compiling main.c...
compiling stm32f1xx_hal.c...
compiling usart.c...
compiling stm32f1xx_hal_rcc_ex.c...
compiling tim.c...
compiling stm32f1xx_hal_gpio.c...
compiling stm32f1xx_hal_rcc.c...
compiling stm32f1xx_hal_adc_ex.c...
compiling stm32f1xx_hal_cortex.c...
compiling stm32f1xx_hal_dma.c...
compiling stm32f1xx_hal_adc.c...
compiling stm32f1xx_hal_pwr.c...
compiling stm32f1xx_hal_exti.c...
compiling stm32f1xx_hal_flash.c...
compiling system_stm32f1xx.c...
compiling stm32f1xx_hal_flash_ex.c...
compiling stm32f1xx_hal_tim_ex.c...
compiling lcd.c...
compiling stm32f1xx_hal_spi.c...
compiling stm32f1xx_hal_uart.c...
compiling stm32f1xx_hal_tim.c...
compiling ugui.c...
linking...
Program Size: Code=25118 RO-data=18250 RW-data=24 ZI-data=2408  
FromELF: creating hex file...
"PulseOximter\PulseOximter.axf" - 0 Error(s), 1 Warning(s).
Build Time Elapsed:  00:00:03
